/usr/bin/python2.7 /media/a5/image3/rw/models/tsn-pytorch-collective/main.py cad RGB ./cad_split_with_pose/cad_rgb_train_split_1.txt ./cad_split_with_pose/cad_rgb_val_split_1.txt --arch BNInception --num_segments 3 --gd 20 --lr 0.0001 --lr_steps 30 60 --epochs 80 -b 128 -j 3 --dropout 0.8 --snapshot_pref cad_bninception_bs128_split_1

Initializing TSN with base model: BNInception.
TSN Configurations:
    input_modality:     RGB
    num_segments:       3
    new_length:         1
    consensus_module:   avg
    dropout_ratio:      0.8
        
/usr/local/lib/python2.7/dist-packages/torch/nn/modules/module.py:514: UserWarning: src is not broadcastable to dst, but they have the same number of elements.  Falling back to deprecated pointwise behavior.
  own_state[name].copy_(param)
group: first_conv_weight has 1 params, lr_mult: 1, decay_mult: 1
group: first_conv_bias has 1 params, lr_mult: 2, decay_mult: 0
group: normal_weight has 69 params, lr_mult: 1, decay_mult: 1
group: normal_bias has 69 params, lr_mult: 2, decay_mult: 0
group: BN scale/shift has 2 params, lr_mult: 1, decay_mult: 0
Freezing BatchNorm2D except the first one.
/usr/local/lib/python2.7/dist-packages/torchvision/transforms/transforms.py:188: UserWarning: The use of the transforms.Scale transform is deprecated, please use transforms.Resize instead.
  "please use transforms.Resize instead.")
Epoch: [0][0/16], lr: 0.00010	Time 14.313 (14.313)	Data 1.874 (1.874)	Loss 2.0913 (2.0913)	Prec@1 7.031 (7.031)	Prec@5 60.156 (60.156)
clipping gradient: 22.6746948978 with coef 0.882040534177
clipping gradient: 25.2583829298 with coef 0.7918163271
clipping gradient: 21.1332417915 with coef 0.946376339104
clipping gradient: 37.709857153 with coef 0.530365307905
clipping gradient: 47.8455996926 with coef 0.41801127227
Epoch: [0][10/16], lr: 0.00010	Time 0.539 (1.892)	Data 0.000 (0.171)	Loss 1.4222 (1.7806)	Prec@1 46.875 (34.162)	Prec@5 92.188 (81.605)
clipping gradient: 24.9125115013 with coef 0.802809463789
clipping gradient: 35.9618464757 with coef 0.556144969184
clipping gradient: 25.0520265203 with coef 0.798338608807
clipping gradient: 32.4688887547 with coef 0.615974268509
clipping gradient: 40.3738190563 with coef 0.495370526432
Freezing BatchNorm2D except the first one.
clipping gradient: 24.952371781 with coef 0.801527012163
Epoch: [1][0/16], lr: 0.00010	Time 3.560 (3.560)	Data 2.286 (2.286)	Loss 1.1399 (1.1399)	Prec@1 57.812 (57.812)	Prec@5 90.625 (90.625)
clipping gradient: 29.3516028154 with coef 0.681393793919
clipping gradient: 30.1718330098 with coef 0.66286990232
clipping gradient: 29.8736890047 with coef 0.669485445766
clipping gradient: 56.7550675763 with coef 0.352391440167
clipping gradient: 73.0431106 with coef 0.273810902024
clipping gradient: 32.2729920154 with coef 0.619713226169
clipping gradient: 31.5870374379 with coef 0.63317112405
clipping gradient: 37.5257486978 with coef 0.532967380906
clipping gradient: 45.0703057173 with coef 0.443751150158
clipping gradient: 38.8220674835 with coef 0.515170914287
Epoch: [1][10/16], lr: 0.00010	Time 0.535 (0.860)	Data 0.000 (0.208)	Loss 1.0380 (1.1313)	Prec@1 59.375 (58.310)	Prec@5 96.875 (94.389)
clipping gradient: 27.737966837 with coef 0.721033380619
clipping gradient: 26.9386362136 with coef 0.742428081416
clipping gradient: 36.3592899634 with coef 0.550065747162
clipping gradient: 31.3684039385 with coef 0.637584240474
clipping gradient: 36.2204962503 with coef 0.552173550075
Freezing BatchNorm2D except the first one.
clipping gradient: 49.8729709875 with coef 0.401018820495
Epoch: [2][0/16], lr: 0.00010	Time 2.718 (2.718)	Data 2.166 (2.166)	Loss 1.1166 (1.1166)	Prec@1 57.812 (57.812)	Prec@5 97.656 (97.656)
clipping gradient: 43.9460290398 with coef 0.455103690527
clipping gradient: 42.6924916849 with coef 0.468466449502
clipping gradient: 74.1486935333 with coef 0.269728285786
clipping gradient: 70.7086814736 with coef 0.28285069928
clipping gradient: 32.8344291642 with coef 0.609116726227
clipping gradient: 28.2854074396 with coef 0.707078377525
clipping gradient: 31.1200717694 with coef 0.642672039712
clipping gradient: 20.8149725481 with coef 0.960846811294
clipping gradient: 23.0931277547 with coef 0.866058518035
clipping gradient: 26.9838757386 with coef 0.741183371646
Epoch: [2][10/16], lr: 0.00010	Time 0.524 (0.742)	Data 0.000 (0.212)	Loss 0.7916 (0.9336)	Prec@1 69.531 (64.986)	Prec@5 99.219 (97.940)
clipping gradient: 24.322039392 with coef 0.822299465831
clipping gradient: 25.7387693889 with coef 0.777037926632
clipping gradient: 28.0133818794 with coef 0.713944502884
clipping gradient: 23.7051250495 with coef 0.843699409232
clipping gradient: 29.4802575862 with coef 0.678420123756
Freezing BatchNorm2D except the first one.
clipping gradient: 33.1408571669 with coef 0.603484692604
Epoch: [3][0/16], lr: 0.00010	Time 2.654 (2.654)	Data 2.103 (2.103)	Loss 0.7676 (0.7676)	Prec@1 70.312 (70.312)	Prec@5 98.438 (98.438)
clipping gradient: 25.7141095848 with coef 0.777783105187
clipping gradient: 27.2440713578 with coef 0.734104669501
clipping gradient: 32.3497300257 with coef 0.618243181138
clipping gradient: 31.6473187157 with coef 0.631965070395
clipping gradient: 45.8153587734 with coef 0.436534833197
clipping gradient: 28.5514347773 with coef 0.700490190983
clipping gradient: 32.5316335093 with coef 0.614786220136
clipping gradient: 26.2511082674 with coef 0.761872595865
clipping gradient: 30.0464564298 with coef 0.665635897754
clipping gradient: 23.0928285611 with coef 0.866069738796
Epoch: [3][10/16], lr: 0.00010	Time 0.523 (0.745)	Data 0.000 (0.210)	Loss 0.6728 (0.6933)	Prec@1 77.344 (73.722)	Prec@5 98.438 (98.935)
clipping gradient: 35.1956328177 with coef 0.568252319928
clipping gradient: 29.1163456709 with coef 0.686899387241
clipping gradient: 23.8578904783 with coef 0.838297083232
clipping gradient: 24.7026805296 with coef 0.809628735474
clipping gradient: 37.6478389892 with coef 0.531238991054
Freezing BatchNorm2D except the first one.
clipping gradient: 32.9386107178 with coef 0.60719015053
Epoch: [4][0/16], lr: 0.00010	Time 2.745 (2.745)	Data 2.207 (2.207)	Loss 0.7863 (0.7863)	Prec@1 74.219 (74.219)	Prec@5 98.438 (98.438)
clipping gradient: 21.6709248156 with coef 0.922895546461
clipping gradient: 23.2246309701 with coef 0.861154695018
clipping gradient: 23.9559287204 with coef 0.834866401275
clipping gradient: 24.888087998 with coef 0.803597287249
clipping gradient: 34.3501629346 with coef 0.582238868504
clipping gradient: 34.7879083597 with coef 0.574912403276
clipping gradient: 46.1286391497 with coef 0.433570128421
clipping gradient: 47.6584629361 with coef 0.419652644417
clipping gradient: 46.6722887501 with coef 0.428519803412
clipping gradient: 54.7208319499 with coef 0.365491519177
Epoch: [4][10/16], lr: 0.00010	Time 0.524 (0.751)	Data 0.000 (0.215)	Loss 0.8342 (0.6492)	Prec@1 78.125 (77.770)	Prec@5 97.656 (99.290)
clipping gradient: 50.0346045376 with coef 0.399723355162
clipping gradient: 41.8710916125 with coef 0.477656522191
clipping gradient: 40.9117775015 with coef 0.488856784559
clipping gradient: 39.7094858014 with coef 0.50365799497
clipping gradient: 29.0787843392 with coef 0.687786661461
Freezing BatchNorm2D except the first one.
Test: [0/2]	Time 2.071 (2.071)	Loss 0.6883 (0.6883)	Prec@1 69.531 (69.531)	Prec@5 100.000 (100.000)
Testing Results: Prec@1 67.556 Prec@5 99.556 Loss 0.70444
Freezing BatchNorm2D except the first one.
clipping gradient: 36.0565306942 with coef 0.554684536059
Epoch: [5][0/16], lr: 0.00010	Time 3.250 (3.250)	Data 2.099 (2.099)	Loss 0.7137 (0.7137)	Prec@1 71.875 (71.875)	Prec@5 100.000 (100.000)
clipping gradient: 43.1361922018 with coef 0.463647785749
clipping gradient: 21.5958365689 with coef 0.926104433889
clipping gradient: 21.7834620204 with coef 0.918127705377
clipping gradient: 20.4633760202 with coef 0.977355837095
clipping gradient: 23.3557569633 with coef 0.856319922811
clipping gradient: 39.6036248475 with coef 0.5050042787
clipping gradient: 24.4897552423 with coef 0.816668023102
clipping gradient: 30.4462552755 with coef 0.656895234539
clipping gradient: 31.9030248527 with coef 0.626899803149
clipping gradient: 39.8666630266 with coef 0.501672286609
Epoch: [5][10/16], lr: 0.00010	Time 0.539 (0.824)	Data 0.000 (0.191)	Loss 0.6793 (0.6122)	Prec@1 75.781 (77.841)	Prec@5 100.000 (99.432)
clipping gradient: 35.2614995059 with coef 0.567190853488
clipping gradient: 21.2159653027 with coef 0.942686307914
clipping gradient: 29.0459718041 with coef 0.688563637495
clipping gradient: 41.633372277 with coef 0.480383858096
clipping gradient: 39.1866670633 with coef 0.510377674317
Freezing BatchNorm2D except the first one.
clipping gradient: 34.8477328354 with coef 0.573925428505
Epoch: [6][0/16], lr: 0.00010	Time 2.736 (2.736)	Data 2.196 (2.196)	Loss 0.6019 (0.6019)	Prec@1 78.906 (78.906)	Prec@5 99.219 (99.219)
clipping gradient: 22.4039230824 with coef 0.892700797376
clipping gradient: 20.7201251853 with coef 0.965245133469
clipping gradient: 25.212779993 with coef 0.793248503558
clipping gradient: 21.8223855885 with coef 0.916490083949
clipping gradient: 22.8481811913 with coef 0.875343198331
clipping gradient: 35.1123388562 with coef 0.569600335708
clipping gradient: 31.4725298293 with coef 0.635474812748
clipping gradient: 31.7155623553 with coef 0.630605245966
clipping gradient: 23.9557369547 with coef 0.83487308438
Epoch: [6][10/16], lr: 0.00010	Time 0.558 (0.748)	Data 0.000 (0.210)	Loss 0.4868 (0.5257)	Prec@1 84.375 (80.611)	Prec@5 100.000 (99.574)
clipping gradient: 22.513059858 with coef 0.88837324318
clipping gradient: 25.8605585363 with coef 0.77337850116
clipping gradient: 23.3525834433 with coef 0.856436293165
clipping gradient: 23.0489085245 with coef 0.867720047514
clipping gradient: 44.8171770157 with coef 0.446257469385
Freezing BatchNorm2D except the first one.
clipping gradient: 20.5171900848 with coef 0.974792353012
Epoch: [7][0/16], lr: 0.00010	Time 2.765 (2.765)	Data 2.163 (2.163)	Loss 0.4978 (0.4978)	Prec@1 85.938 (85.938)	Prec@5 100.000 (100.000)
clipping gradient: 26.6846855782 with coef 0.749493560319
clipping gradient: 27.6198450352 with coef 0.724117024354
clipping gradient: 21.9946713736 with coef 0.909311153611
clipping gradient: 22.3205694636 with coef 0.896034486602
clipping gradient: 31.855402212 with coef 0.627836995023
clipping gradient: 22.7759154851 with coef 0.878120574916
clipping gradient: 24.11443752 with coef 0.829378665101
Epoch: [7][10/16], lr: 0.00010	Time 0.526 (0.760)	Data 0.000 (0.220)	Loss 0.5514 (0.4957)	Prec@1 82.031 (81.463)	Prec@5 100.000 (99.858)
clipping gradient: 46.4198870021 with coef 0.430849820877
clipping gradient: 21.5486135931 with coef 0.928133956904
clipping gradient: 22.8054734071 with coef 0.876982452543
clipping gradient: 30.4989208843 with coef 0.655760906291
clipping gradient: 31.1104335461 with coef 0.642871143868
Freezing BatchNorm2D except the first one.
clipping gradient: 41.1623021032 with coef 0.485881473535
Epoch: [8][0/16], lr: 0.00010	Time 2.755 (2.755)	Data 2.210 (2.210)	Loss 0.4441 (0.4441)	Prec@1 80.469 (80.469)	Prec@5 100.000 (100.000)
clipping gradient: 31.7196795895 with coef 0.630523393011
clipping gradient: 22.3410726306 with coef 0.895212165088
clipping gradient: 33.0299962208 with coef 0.605510211576
clipping gradient: 31.1875685475 with coef 0.641281155648
clipping gradient: 35.0181396132 with coef 0.57113256789
clipping gradient: 23.7802070536 with coef 0.841035570249
clipping gradient: 27.7890726497 with coef 0.719707355914
clipping gradient: 25.2763481668 with coef 0.791253541373
clipping gradient: 29.9148000909 with coef 0.66856539035
Epoch: [8][10/16], lr: 0.00010	Time 0.525 (0.759)	Data 0.000 (0.220)	Loss 0.4358 (0.4829)	Prec@1 82.031 (81.463)	Prec@5 100.000 (99.716)
clipping gradient: 33.4519977503 with coef 0.597871617394
clipping gradient: 41.8223931417 with coef 0.478212710886
clipping gradient: 24.4752714678 with coef 0.817151304178
clipping gradient: 21.6513074275 with coef 0.923731745392
Freezing BatchNorm2D except the first one.
clipping gradient: 28.7565833797 with coef 0.695492914993
Epoch: [9][0/16], lr: 0.00010	Time 2.753 (2.753)	Data 2.210 (2.210)	Loss 0.5201 (0.5201)	Prec@1 77.344 (77.344)	Prec@5 100.000 (100.000)
clipping gradient: 30.484829495 with coef 0.65606402697
clipping gradient: 24.9604724896 with coef 0.801266883402
clipping gradient: 26.4259809395 with coef 0.756830940194
clipping gradient: 37.8389448514 with coef 0.528555964723
clipping gradient: 20.7189823018 with coef 0.965298377528
clipping gradient: 32.9876928175 with coef 0.606286717615
clipping gradient: 24.0223768131 with coef 0.832557084404
Epoch: [9][10/16], lr: 0.00010	Time 0.559 (0.754)	Data 0.000 (0.216)	Loss 0.4850 (0.4576)	Prec@1 77.344 (81.818)	Prec@5 100.000 (99.929)
clipping gradient: 31.2767933998 with coef 0.639451741243
clipping gradient: 24.8580531619 with coef 0.80456823669
clipping gradient: 20.1705750632 with coef 0.991543371339
clipping gradient: 20.3339360514 with coef 0.983577402302
Freezing BatchNorm2D except the first one.
Test: [0/2]	Time 2.078 (2.078)	Loss 0.5154 (0.5154)	Prec@1 79.688 (79.688)	Prec@5 100.000 (100.000)
Testing Results: Prec@1 79.111 Prec@5 99.556 Loss 0.51089
Freezing BatchNorm2D except the first one.
clipping gradient: 30.7105279533 with coef 0.651242467417
Epoch: [10][0/16], lr: 0.00010	Time 3.003 (3.003)	Data 2.458 (2.458)	Loss 0.4448 (0.4448)	Prec@1 83.594 (83.594)	Prec@5 100.000 (100.000)
clipping gradient: 29.1361007321 with coef 0.68643365095
clipping gradient: 21.7679487777 with coef 0.918782022334
clipping gradient: 31.3205331552 with coef 0.638558734008
clipping gradient: 22.2974914372 with coef 0.896961887229
clipping gradient: 34.0535330938 with coef 0.587310572001
clipping gradient: 20.3508468534 with coef 0.982760085814
clipping gradient: 21.5601117031 with coef 0.927638978656
clipping gradient: 20.6037198009 with coef 0.970698504606
Epoch: [10][10/16], lr: 0.00010	Time 0.528 (0.765)	Data 0.000 (0.230)	Loss 0.5085 (0.4727)	Prec@1 78.906 (82.386)	Prec@5 99.219 (99.858)
clipping gradient: 23.2236678696 with coef 0.86119040766
clipping gradient: 23.8557883303 with coef 0.838370953125
clipping gradient: 28.5467644668 with coef 0.700604792647
clipping gradient: 38.8298313996 with coef 0.515067907305
Freezing BatchNorm2D except the first one.
Epoch: [11][0/16], lr: 0.00010	Time 2.713 (2.713)	Data 2.153 (2.153)	Loss 0.4449 (0.4449)	Prec@1 83.594 (83.594)	Prec@5 99.219 (99.219)
clipping gradient: 23.0268254579 with coef 0.868552203887
clipping gradient: 20.6484733822 with coef 0.968594608899
clipping gradient: 21.9117774887 with coef 0.912751145373
clipping gradient: 24.8161162017 with coef 0.805927883212
clipping gradient: 20.6967202932 with coef 0.966336681206
Epoch: [11][10/16], lr: 0.00010	Time 0.527 (0.754)	Data 0.000 (0.220)	Loss 0.4064 (0.4274)	Prec@1 87.500 (84.091)	Prec@5 100.000 (99.858)
clipping gradient: 36.9588816245 with coef 0.541141915581
clipping gradient: 28.290323281 with coef 0.706955512714
clipping gradient: 23.6450655571 with coef 0.845842442335
Freezing BatchNorm2D except the first one.
clipping gradient: 42.0389235911 with coef 0.47574957424
Epoch: [12][0/16], lr: 0.00010	Time 2.679 (2.679)	Data 2.121 (2.121)	Loss 0.5994 (0.5994)	Prec@1 80.469 (80.469)	Prec@5 100.000 (100.000)
clipping gradient: 39.0728159189 with coef 0.511864822886
clipping gradient: 30.3005377863 with coef 0.660054291481
clipping gradient: 32.6338480296 with coef 0.612860609692
clipping gradient: 26.723183353 with coef 0.748413829887
Epoch: [12][10/16], lr: 0.00010	Time 0.528 (0.739)	Data 0.000 (0.204)	Loss 0.3792 (0.4226)	Prec@1 85.938 (84.446)	Prec@5 100.000 (99.858)
clipping gradient: 22.0172054848 with coef 0.908380494238
clipping gradient: 24.6642440799 with coef 0.810890450775
Freezing BatchNorm2D except the first one.
clipping gradient: 20.0347228626 with coef 0.998266865838
Epoch: [13][0/16], lr: 0.00010	Time 2.733 (2.733)	Data 2.189 (2.189)	Loss 0.3136 (0.3136)	Prec@1 85.938 (85.938)	Prec@5 100.000 (100.000)
clipping gradient: 26.7363510055 with coef 0.748045236088
clipping gradient: 26.3226269402 with coef 0.75980258526
clipping gradient: 24.946428008 with coef 0.801717985181
clipping gradient: 30.16141105 with coef 0.663098950073
clipping gradient: 42.317431765 with coef 0.472618473424
clipping gradient: 25.1215554533 with coef 0.796129046911
clipping gradient: 26.8127792556 with coef 0.745912977143
clipping gradient: 27.8841151485 with coef 0.717254246495
clipping gradient: 24.3708321395 with coef 0.820653143296
Epoch: [13][10/16], lr: 0.00010	Time 0.528 (0.750)	Data 0.000 (0.214)	Loss 0.5038 (0.4483)	Prec@1 82.031 (83.736)	Prec@5 100.000 (99.858)
clipping gradient: 22.9099312735 with coef 0.872983849723
clipping gradient: 26.2848234851 with coef 0.760895351317
clipping gradient: 26.0741053266 with coef 0.767044535163
Freezing BatchNorm2D except the first one.
Epoch: [14][0/16], lr: 0.00010	Time 2.652 (2.652)	Data 2.092 (2.092)	Loss 0.4679 (0.4679)	Prec@1 80.469 (80.469)	Prec@5 100.000 (100.000)
clipping gradient: 23.7677735152 with coef 0.841475537757
clipping gradient: 29.1365870878 with coef 0.686422192816
clipping gradient: 24.4452551349 with coef 0.818154684401
Epoch: [14][10/16], lr: 0.00010	Time 0.528 (0.740)	Data 0.000 (0.201)	Loss 0.3333 (0.3729)	Prec@1 85.938 (85.511)	Prec@5 100.000 (99.929)
clipping gradient: 21.5155350297 with coef 0.929560895066
clipping gradient: 28.5975781297 with coef 0.699359921645
clipping gradient: 30.9566268598 with coef 0.646065221854
Freezing BatchNorm2D except the first one.
Test: [0/2]	Time 2.069 (2.069)	Loss 0.4432 (0.4432)	Prec@1 88.281 (88.281)	Prec@5 100.000 (100.000)
Testing Results: Prec@1 87.111 Prec@5 99.556 Loss 0.43281
Freezing BatchNorm2D except the first one.
clipping gradient: 24.9917564021 with coef 0.800263882147
Epoch: [15][0/16], lr: 0.00010	Time 2.631 (2.631)	Data 2.083 (2.083)	Loss 0.3799 (0.3799)	Prec@1 86.719 (86.719)	Prec@5 100.000 (100.000)
clipping gradient: 27.1783599751 with coef 0.735879575454
clipping gradient: 22.5821501081 with coef 0.885655258879
Epoch: [15][10/16], lr: 0.00010	Time 0.528 (0.745)	Data 0.000 (0.204)	Loss 0.4345 (0.3928)	Prec@1 82.812 (85.582)	Prec@5 100.000 (99.929)
clipping gradient: 22.178065232 with coef 0.901791918762
Freezing BatchNorm2D except the first one.
clipping gradient: 26.155582072 with coef 0.764655129637
Epoch: [16][0/16], lr: 0.00010	Time 2.722 (2.722)	Data 2.165 (2.165)	Loss 0.3704 (0.3704)	Prec@1 85.938 (85.938)	Prec@5 100.000 (100.000)
clipping gradient: 22.005645967 with coef 0.908857664527
clipping gradient: 28.7261729367 with coef 0.696229185978
clipping gradient: 24.3428619994 with coef 0.821596080219
clipping gradient: 27.2884316575 with coef 0.732911302893
Epoch: [16][10/16], lr: 0.00010	Time 0.530 (0.757)	Data 0.000 (0.211)	Loss 0.2491 (0.3593)	Prec@1 92.188 (86.790)	Prec@5 100.000 (99.929)
clipping gradient: 28.1360638723 with coef 0.71083148271
clipping gradient: 23.2373078785 with coef 0.86068489967
clipping gradient: 25.8393581803 with coef 0.77401303316
clipping gradient: 20.5492461196 with coef 0.973271714376
Freezing BatchNorm2D except the first one.
Epoch: [17][0/16], lr: 0.00010	Time 2.705 (2.705)	Data 2.152 (2.152)	Loss 0.3258 (0.3258)	Prec@1 88.281 (88.281)	Prec@5 100.000 (100.000)
clipping gradient: 20.6227632488 with coef 0.969802143327
clipping gradient: 22.8835655583 with coef 0.873989673901
clipping gradient: 22.6515583538 with coef 0.882941459814
clipping gradient: 20.0404962867 with coef 0.997979277252
clipping gradient: 27.078608378 with coef 0.73859039286
clipping gradient: 26.0070787352 with coef 0.769021396198
Epoch: [17][10/16], lr: 0.00010	Time 0.530 (0.746)	Data 0.000 (0.205)	Loss 0.3366 (0.3568)	Prec@1 85.156 (85.938)	Prec@5 100.000 (99.929)
clipping gradient: 23.8653733552 with coef 0.838034239077
Freezing BatchNorm2D except the first one.
Epoch: [18][0/16], lr: 0.00010	Time 2.649 (2.649)	Data 2.092 (2.092)	Loss 0.3055 (0.3055)	Prec@1 89.062 (89.062)	Prec@5 100.000 (100.000)
clipping gradient: 30.0645446681 with coef 0.665235420021
clipping gradient: 20.394366816 with coef 0.98066295367
clipping gradient: 29.9832795839 with coef 0.667038438675
clipping gradient: 24.064984268 with coef 0.831083028238
clipping gradient: 25.5960621419 with coef 0.781370192381
Epoch: [18][10/16], lr: 0.00010	Time 0.528 (0.743)	Data 0.000 (0.200)	Loss 0.2653 (0.3279)	Prec@1 89.062 (87.287)	Prec@5 100.000 (100.000)
clipping gradient: 21.0588192407 with coef 0.949720863807
clipping gradient: 28.8212807398 with coef 0.693931688204
Freezing BatchNorm2D except the first one.
Epoch: [19][0/16], lr: 0.00010	Time 2.649 (2.649)	Data 2.094 (2.094)	Loss 0.2630 (0.2630)	Prec@1 92.969 (92.969)	Prec@5 100.000 (100.000)
clipping gradient: 20.4187437653 with coef 0.979492187662
clipping gradient: 23.0662892665 with coef 0.867066209433
Epoch: [19][10/16], lr: 0.00010	Time 0.529 (0.744)	Data 0.000 (0.200)	Loss 0.3187 (0.2917)	Prec@1 88.281 (89.205)	Prec@5 100.000 (100.000)
clipping gradient: 21.8253926135 with coef 0.916363813205
clipping gradient: 25.4142433836 with coef 0.786960276492
Freezing BatchNorm2D except the first one.
Test: [0/2]	Time 2.077 (2.077)	Loss 0.4178 (0.4178)	Prec@1 85.938 (85.938)	Prec@5 100.000 (100.000)
Testing Results: Prec@1 85.778 Prec@5 99.556 Loss 0.43874
Freezing BatchNorm2D except the first one.
Epoch: [20][0/16], lr: 0.00010	Time 2.725 (2.725)	Data 2.179 (2.179)	Loss 0.3607 (0.3607)	Prec@1 87.500 (87.500)	Prec@5 100.000 (100.000)
clipping gradient: 26.5863867886 with coef 0.752264689409
Epoch: [20][10/16], lr: 0.00010	Time 0.526 (0.755)	Data 0.000 (0.217)	Loss 0.3038 (0.3051)	Prec@1 89.844 (89.062)	Prec@5 100.000 (100.000)
clipping gradient: 20.0575001028 with coef 0.997133236818
Freezing BatchNorm2D except the first one.
Epoch: [21][0/16], lr: 0.00010	Time 2.729 (2.729)	Data 2.182 (2.182)	Loss 0.2302 (0.2302)	Prec@1 89.844 (89.844)	Prec@5 100.000 (100.000)
Epoch: [21][10/16], lr: 0.00010	Time 0.529 (0.746)	Data 0.000 (0.208)	Loss 0.1989 (0.2649)	Prec@1 88.281 (88.778)	Prec@5 100.000 (100.000)
clipping gradient: 30.2580477524 with coef 0.660981176435
clipping gradient: 22.7025978327 with coef 0.880956450333
clipping gradient: 24.6095745211 with coef 0.81269182378
Freezing BatchNorm2D except the first one.
Epoch: [22][0/16], lr: 0.00010	Time 2.646 (2.646)	Data 2.092 (2.092)	Loss 0.2705 (0.2705)	Prec@1 92.969 (92.969)	Prec@5 100.000 (100.000)
Epoch: [22][10/16], lr: 0.00010	Time 0.530 (0.743)	Data 0.000 (0.208)	Loss 0.3082 (0.2656)	Prec@1 86.719 (88.920)	Prec@5 100.000 (100.000)
clipping gradient: 33.9670714743 with coef 0.588805544073
clipping gradient: 23.9477183787 with coef 0.835152630563
Freezing BatchNorm2D except the first one.
Epoch: [23][0/16], lr: 0.00010	Time 2.745 (2.745)	Data 2.195 (2.195)	Loss 0.2272 (0.2272)	Prec@1 92.188 (92.188)	Prec@5 100.000 (100.000)
clipping gradient: 23.7008604041 with coef 0.84385122139
clipping gradient: 20.8905220469 with coef 0.957371958206
clipping gradient: 21.1544895777 with coef 0.945425789007
clipping gradient: 20.1951623262 with coef 0.990336184327
Epoch: [23][10/16], lr: 0.00010	Time 0.530 (0.750)	Data 0.000 (0.215)	Loss 0.3758 (0.3201)	Prec@1 82.812 (88.210)	Prec@5 100.000 (99.929)
clipping gradient: 21.3768386839 with coef 0.935592034713
Freezing BatchNorm2D except the first one.
Epoch: [24][0/16], lr: 0.00010	Time 2.772 (2.772)	Data 2.225 (2.225)	Loss 0.1627 (0.1627)	Prec@1 92.969 (92.969)	Prec@5 100.000 (100.000)
clipping gradient: 22.1231979154 with coef 0.904028435512
Epoch: [24][10/16], lr: 0.00010	Time 0.531 (0.767)	Data 0.000 (0.227)	Loss 0.3734 (0.2891)	Prec@1 81.250 (87.429)	Prec@5 100.000 (100.000)
clipping gradient: 23.387692198 with coef 0.855150642083
Freezing BatchNorm2D except the first one.
Test: [0/2]	Time 2.087 (2.087)	Loss 0.4857 (0.4857)	Prec@1 90.625 (90.625)	Prec@5 100.000 (100.000)
Testing Results: Prec@1 89.778 Prec@5 99.111 Loss 0.47972
Freezing BatchNorm2D except the first one.
Epoch: [25][0/16], lr: 0.00010	Time 2.693 (2.693)	Data 2.115 (2.115)	Loss 0.1762 (0.1762)	Prec@1 93.750 (93.750)	Prec@5 100.000 (100.000)
clipping gradient: 20.4764531769 with coef 0.976731654999
clipping gradient: 22.8028497014 with coef 0.877083358524
Epoch: [25][10/16], lr: 0.00010	Time 0.530 (0.754)	Data 0.000 (0.213)	Loss 0.3145 (0.2548)	Prec@1 85.938 (90.696)	Prec@5 100.000 (100.000)
Freezing BatchNorm2D except the first one.
Epoch: [26][0/16], lr: 0.00010	Time 2.705 (2.705)	Data 2.147 (2.147)	Loss 0.3047 (0.3047)	Prec@1 89.844 (89.844)	Prec@5 100.000 (100.000)
clipping gradient: 23.6407763183 with coef 0.845995906848
clipping gradient: 27.5526555895 with coef 0.725882844034
Epoch: [26][10/16], lr: 0.00010	Time 0.530 (0.766)	Data 0.000 (0.224)	Loss 0.2950 (0.2790)	Prec@1 89.844 (89.560)	Prec@5 100.000 (99.929)
Freezing BatchNorm2D except the first one.
Epoch: [27][0/16], lr: 0.00010	Time 2.716 (2.716)	Data 2.157 (2.157)	Loss 0.2555 (0.2555)	Prec@1 89.844 (89.844)	Prec@5 100.000 (100.000)
clipping gradient: 22.2941086396 with coef 0.897097987784
Epoch: [27][10/16], lr: 0.00010	Time 0.560 (0.755)	Data 0.000 (0.211)	Loss 0.2648 (0.2849)	Prec@1 89.844 (88.210)	Prec@5 100.000 (99.929)
Freezing BatchNorm2D except the first one.
Epoch: [28][0/16], lr: 0.00010	Time 2.752 (2.752)	Data 2.149 (2.149)	Loss 0.3136 (0.3136)	Prec@1 88.281 (88.281)	Prec@5 99.219 (99.219)
clipping gradient: 26.8389894775 with coef 0.745184538962
clipping gradient: 26.4109985935 with coef 0.757260272805
Epoch: [28][10/16], lr: 0.00010	Time 0.530 (0.758)	Data 0.000 (0.215)	Loss 0.3985 (0.2721)	Prec@1 87.500 (90.270)	Prec@5 100.000 (99.858)
clipping gradient: 29.3505907734 with coef 0.681417289158
clipping gradient: 21.8915892656 with coef 0.913592876119
clipping gradient: 25.3477643235 with coef 0.789024221022
Freezing BatchNorm2D except the first one.
Epoch: [29][0/16], lr: 0.00010	Time 2.665 (2.665)	Data 2.110 (2.110)	Loss 0.2109 (0.2109)	Prec@1 93.750 (93.750)	Prec@5 100.000 (100.000)
Epoch: [29][10/16], lr: 0.00010	Time 0.531 (0.751)	Data 0.000 (0.207)	Loss 0.3154 (0.2680)	Prec@1 89.062 (89.276)	Prec@5 100.000 (100.000)
Freezing BatchNorm2D except the first one.
Test: [0/2]	Time 2.100 (2.100)	Loss 0.5335 (0.5335)	Prec@1 87.500 (87.500)	Prec@5 100.000 (100.000)
Testing Results: Prec@1 86.667 Prec@5 100.000 Loss 0.52765
Freezing BatchNorm2D except the first one.
Epoch: [30][0/16], lr: 0.00001	Time 2.689 (2.689)	Data 2.133 (2.133)	Loss 0.2787 (0.2787)	Prec@1 89.062 (89.062)	Prec@5 100.000 (100.000)
Epoch: [30][10/16], lr: 0.00001	Time 0.530 (0.747)	Data 0.000 (0.205)	Loss 0.1297 (0.2241)	Prec@1 96.875 (91.690)	Prec@5 100.000 (100.000)
Freezing BatchNorm2D except the first one.
Epoch: [31][0/16], lr: 0.00001	Time 2.694 (2.694)	Data 2.137 (2.137)	Loss 0.1676 (0.1676)	Prec@1 95.312 (95.312)	Prec@5 100.000 (100.000)
Epoch: [31][10/16], lr: 0.00001	Time 0.531 (0.746)	Data 0.000 (0.209)	Loss 0.1551 (0.2122)	Prec@1 93.750 (92.116)	Prec@5 100.000 (100.000)
Freezing BatchNorm2D except the first one.
Epoch: [32][0/16], lr: 0.00001	Time 2.677 (2.677)	Data 2.119 (2.119)	Loss 0.1103 (0.1103)	Prec@1 96.875 (96.875)	Prec@5 100.000 (100.000)
Epoch: [32][10/16], lr: 0.00001	Time 0.531 (0.747)	Data 0.000 (0.207)	Loss 0.1602 (0.1842)	Prec@1 94.531 (92.259)	Prec@5 100.000 (100.000)
Freezing BatchNorm2D except the first one.
Epoch: [33][0/16], lr: 0.00001	Time 2.659 (2.659)	Data 2.099 (2.099)	Loss 0.1567 (0.1567)	Prec@1 94.531 (94.531)	Prec@5 100.000 (100.000)
Epoch: [33][10/16], lr: 0.00001	Time 0.531 (0.749)	Data 0.000 (0.210)	Loss 0.1734 (0.2004)	Prec@1 92.969 (91.761)	Prec@5 100.000 (100.000)
Freezing BatchNorm2D except the first one.
Epoch: [34][0/16], lr: 0.00001	Time 2.724 (2.724)	Data 2.183 (2.183)	Loss 0.1436 (0.1436)	Prec@1 95.312 (95.312)	Prec@5 100.000 (100.000)
Epoch: [34][10/16], lr: 0.00001	Time 0.530 (0.746)	Data 0.000 (0.208)	Loss 0.1582 (0.1885)	Prec@1 94.531 (92.543)	Prec@5 100.000 (100.000)
Freezing BatchNorm2D except the first one.
Test: [0/2]	Time 2.085 (2.085)	Loss 0.5080 (0.5080)	Prec@1 90.625 (90.625)	Prec@5 100.000 (100.000)
Testing Results: Prec@1 88.444 Prec@5 99.111 Loss 0.51010
Freezing BatchNorm2D except the first one.
Epoch: [35][0/16], lr: 0.00001	Time 2.748 (2.748)	Data 2.204 (2.204)	Loss 0.1144 (0.1144)	Prec@1 95.312 (95.312)	Prec@5 100.000 (100.000)
Epoch: [35][10/16], lr: 0.00001	Time 0.531 (0.755)	Data 0.000 (0.216)	Loss 0.2148 (0.1689)	Prec@1 91.406 (93.537)	Prec@5 100.000 (100.000)
Freezing BatchNorm2D except the first one.
Epoch: [36][0/16], lr: 0.00001	Time 2.659 (2.659)	Data 2.092 (2.092)	Loss 0.1977 (0.1977)	Prec@1 90.625 (90.625)	Prec@5 100.000 (100.000)
Epoch: [36][10/16], lr: 0.00001	Time 0.533 (0.745)	Data 0.000 (0.200)	Loss 0.1488 (0.1682)	Prec@1 96.094 (93.182)	Prec@5 100.000 (100.000)
Freezing BatchNorm2D except the first one.
Epoch: [37][0/16], lr: 0.00001	Time 2.783 (2.783)	Data 2.234 (2.234)	Loss 0.2102 (0.2102)	Prec@1 91.406 (91.406)	Prec@5 100.000 (100.000)
Epoch: [37][10/16], lr: 0.00001	Time 0.531 (0.760)	Data 0.000 (0.214)	Loss 0.1546 (0.1767)	Prec@1 95.312 (92.756)	Prec@5 100.000 (100.000)
Freezing BatchNorm2D except the first one.
Epoch: [38][0/16], lr: 0.00001	Time 2.736 (2.736)	Data 2.195 (2.195)	Loss 0.1434 (0.1434)	Prec@1 94.531 (94.531)	Prec@5 100.000 (100.000)
Epoch: [38][10/16], lr: 0.00001	Time 0.529 (0.754)	Data 0.000 (0.215)	Loss 0.2360 (0.1676)	Prec@1 89.062 (93.182)	Prec@5 100.000 (100.000)
Freezing BatchNorm2D except the first one.
Epoch: [39][0/16], lr: 0.00001	Time 2.650 (2.650)	Data 2.090 (2.090)	Loss 0.1641 (0.1641)	Prec@1 92.188 (92.188)	Prec@5 100.000 (100.000)
Epoch: [39][10/16], lr: 0.00001	Time 0.531 (0.751)	Data 0.000 (0.206)	Loss 0.1308 (0.1712)	Prec@1 96.094 (92.259)	Prec@5 100.000 (100.000)
Freezing BatchNorm2D except the first one.
Test: [0/2]	Time 2.073 (2.073)	Loss 0.5091 (0.5091)	Prec@1 91.406 (91.406)	Prec@5 100.000 (100.000)
Testing Results: Prec@1 90.222 Prec@5 99.111 Loss 0.50603
Freezing BatchNorm2D except the first one.
Epoch: [40][0/16], lr: 0.00001	Time 2.546 (2.546)	Data 1.982 (1.982)	Loss 0.1843 (0.1843)	Prec@1 92.969 (92.969)	Prec@5 100.000 (100.000)
Epoch: [40][10/16], lr: 0.00001	Time 0.532 (0.746)	Data 0.000 (0.205)	Loss 0.2072 (0.1613)	Prec@1 91.406 (93.537)	Prec@5 100.000 (100.000)
Freezing BatchNorm2D except the first one.
Epoch: [41][0/16], lr: 0.00001	Time 2.747 (2.747)	Data 2.199 (2.199)	Loss 0.1865 (0.1865)	Prec@1 94.531 (94.531)	Prec@5 100.000 (100.000)
Epoch: [41][10/16], lr: 0.00001	Time 0.531 (0.760)	Data 0.000 (0.224)	Loss 0.1346 (0.1597)	Prec@1 93.750 (93.821)	Prec@5 100.000 (100.000)
Freezing BatchNorm2D except the first one.
Epoch: [42][0/16], lr: 0.00001	Time 2.734 (2.734)	Data 2.185 (2.185)	Loss 0.2072 (0.2072)	Prec@1 89.844 (89.844)	Prec@5 100.000 (100.000)
Epoch: [42][10/16], lr: 0.00001	Time 0.535 (0.753)	Data 0.000 (0.209)	Loss 0.1265 (0.1657)	Prec@1 93.750 (92.543)	Prec@5 100.000 (100.000)
Freezing BatchNorm2D except the first one.
Epoch: [43][0/16], lr: 0.00001	Time 2.672 (2.672)	Data 2.111 (2.111)	Loss 0.1471 (0.1471)	Prec@1 94.531 (94.531)	Prec@5 100.000 (100.000)
Epoch: [43][10/16], lr: 0.00001	Time 0.535 (0.747)	Data 0.000 (0.203)	Loss 0.1488 (0.1676)	Prec@1 93.750 (93.892)	Prec@5 100.000 (100.000)
Freezing BatchNorm2D except the first one.
Epoch: [44][0/16], lr: 0.00001	Time 2.719 (2.719)	Data 2.162 (2.162)	Loss 0.1653 (0.1653)	Prec@1 91.406 (91.406)	Prec@5 100.000 (100.000)
Epoch: [44][10/16], lr: 0.00001	Time 0.569 (0.757)	Data 0.000 (0.212)	Loss 0.2244 (0.1678)	Prec@1 90.625 (92.685)	Prec@5 100.000 (100.000)
Freezing BatchNorm2D except the first one.
Test: [0/2]	Time 2.143 (2.143)	Loss 0.5478 (0.5478)	Prec@1 90.625 (90.625)	Prec@5 100.000 (100.000)
Testing Results: Prec@1 89.333 Prec@5 99.111 Loss 0.54040
Freezing BatchNorm2D except the first one.
Epoch: [45][0/16], lr: 0.00001	Time 2.748 (2.748)	Data 2.198 (2.198)	Loss 0.0871 (0.0871)	Prec@1 96.875 (96.875)	Prec@5 100.000 (100.000)
Epoch: [45][10/16], lr: 0.00001	Time 0.561 (0.758)	Data 0.000 (0.210)	Loss 0.1351 (0.1646)	Prec@1 94.531 (92.969)	Prec@5 100.000 (100.000)
Freezing BatchNorm2D except the first one.
Epoch: [46][0/16], lr: 0.00001	Time 2.707 (2.707)	Data 2.097 (2.097)	Loss 0.1443 (0.1443)	Prec@1 94.531 (94.531)	Prec@5 100.000 (100.000)
Epoch: [46][10/16], lr: 0.00001	Time 0.538 (0.759)	Data 0.000 (0.204)	Loss 0.1249 (0.1682)	Prec@1 94.531 (93.324)	Prec@5 100.000 (100.000)
Freezing BatchNorm2D except the first one.
Epoch: [47][0/16], lr: 0.00001	Time 2.802 (2.802)	Data 2.253 (2.253)	Loss 0.1751 (0.1751)	Prec@1 95.312 (95.312)	Prec@5 100.000 (100.000)
Epoch: [47][10/16], lr: 0.00001	Time 0.537 (0.770)	Data 0.000 (0.224)	Loss 0.1779 (0.1401)	Prec@1 93.750 (94.318)	Prec@5 100.000 (100.000)
Freezing BatchNorm2D except the first one.
Epoch: [48][0/16], lr: 0.00001	Time 2.755 (2.755)	Data 2.200 (2.200)	Loss 0.0847 (0.0847)	Prec@1 99.219 (99.219)	Prec@5 100.000 (100.000)
Epoch: [48][10/16], lr: 0.00001	Time 0.570 (0.762)	Data 0.000 (0.215)	Loss 0.1772 (0.1511)	Prec@1 91.406 (93.821)	Prec@5 100.000 (100.000)
Freezing BatchNorm2D except the first one.
Epoch: [49][0/16], lr: 0.00001	Time 2.762 (2.762)	Data 2.173 (2.173)	Loss 0.1362 (0.1362)	Prec@1 95.312 (95.312)	Prec@5 100.000 (100.000)
clipping gradient: 21.0636027794 with coef 0.949505182447
Epoch: [49][10/16], lr: 0.00001	Time 0.540 (0.766)	Data 0.000 (0.217)	Loss 0.1638 (0.1624)	Prec@1 94.531 (94.034)	Prec@5 100.000 (100.000)
Freezing BatchNorm2D except the first one.
Test: [0/2]	Time 2.123 (2.123)	Loss 0.5639 (0.5639)	Prec@1 89.844 (89.844)	Prec@5 100.000 (100.000)
Testing Results: Prec@1 88.444 Prec@5 99.111 Loss 0.55917
Freezing BatchNorm2D except the first one.
Epoch: [50][0/16], lr: 0.00001	Time 2.734 (2.734)	Data 2.176 (2.176)	Loss 0.1675 (0.1675)	Prec@1 90.625 (90.625)	Prec@5 100.000 (100.000)
Epoch: [50][10/16], lr: 0.00001	Time 0.531 (0.755)	Data 0.000 (0.217)	Loss 0.1564 (0.1626)	Prec@1 95.312 (94.034)	Prec@5 100.000 (100.000)
Freezing BatchNorm2D except the first one.
Epoch: [51][0/16], lr: 0.00001	Time 2.754 (2.754)	Data 2.204 (2.204)	Loss 0.1353 (0.1353)	Prec@1 94.531 (94.531)	Prec@5 100.000 (100.000)
Epoch: [51][10/16], lr: 0.00001	Time 0.543 (0.760)	Data 0.000 (0.221)	Loss 0.1563 (0.1383)	Prec@1 94.531 (94.176)	Prec@5 100.000 (100.000)
Freezing BatchNorm2D except the first one.
Epoch: [52][0/16], lr: 0.00001	Time 2.661 (2.661)	Data 2.095 (2.095)	Loss 0.1947 (0.1947)	Prec@1 90.625 (90.625)	Prec@5 100.000 (100.000)
Epoch: [52][10/16], lr: 0.00001	Time 0.537 (0.750)	Data 0.000 (0.204)	Loss 0.1763 (0.1643)	Prec@1 92.969 (93.040)	Prec@5 100.000 (100.000)
Freezing BatchNorm2D except the first one.
Epoch: [53][0/16], lr: 0.00001	Time 2.763 (2.763)	Data 2.219 (2.219)	Loss 0.1827 (0.1827)	Prec@1 92.188 (92.188)	Prec@5 100.000 (100.000)
Epoch: [53][10/16], lr: 0.00001	Time 0.549 (0.762)	Data 0.000 (0.218)	Loss 0.1256 (0.1574)	Prec@1 96.094 (93.892)	Prec@5 100.000 (100.000)
Freezing BatchNorm2D except the first one.
Epoch: [54][0/16], lr: 0.00001	Time 2.691 (2.691)	Data 2.137 (2.137)	Loss 0.1326 (0.1326)	Prec@1 93.750 (93.750)	Prec@5 100.000 (100.000)
Epoch: [54][10/16], lr: 0.00001	Time 0.539 (0.751)	Data 0.000 (0.209)	Loss 0.2208 (0.1560)	Prec@1 89.062 (93.111)	Prec@5 100.000 (100.000)
Freezing BatchNorm2D except the first one.
Test: [0/2]	Time 2.069 (2.069)	Loss 0.5932 (0.5932)	Prec@1 92.188 (92.188)	Prec@5 100.000 (100.000)
Testing Results: Prec@1 90.222 Prec@5 99.111 Loss 0.57323
Freezing BatchNorm2D except the first one.
Epoch: [55][0/16], lr: 0.00001	Time 2.651 (2.651)	Data 2.084 (2.084)	Loss 0.0618 (0.0618)	Prec@1 98.438 (98.438)	Prec@5 100.000 (100.000)
Epoch: [55][10/16], lr: 0.00001	Time 0.539 (0.761)	Data 0.000 (0.212)	Loss 0.2492 (0.1575)	Prec@1 89.844 (93.821)	Prec@5 100.000 (100.000)
Freezing BatchNorm2D except the first one.
Epoch: [56][0/16], lr: 0.00001	Time 2.747 (2.747)	Data 2.198 (2.198)	Loss 0.0959 (0.0959)	Prec@1 96.875 (96.875)	Prec@5 100.000 (100.000)
Epoch: [56][10/16], lr: 0.00001	Time 0.548 (0.763)	Data 0.000 (0.221)	Loss 0.1288 (0.1275)	Prec@1 92.969 (94.744)	Prec@5 100.000 (100.000)
Freezing BatchNorm2D except the first one.
Epoch: [57][0/16], lr: 0.00001	Time 2.731 (2.731)	Data 2.167 (2.167)	Loss 0.1421 (0.1421)	Prec@1 95.312 (95.312)	Prec@5 100.000 (100.000)
Epoch: [57][10/16], lr: 0.00001	Time 0.540 (0.761)	Data 0.000 (0.212)	Loss 0.1370 (0.1414)	Prec@1 94.531 (94.531)	Prec@5 100.000 (100.000)
Freezing BatchNorm2D except the first one.
Epoch: [58][0/16], lr: 0.00001	Time 2.738 (2.738)	Data 2.189 (2.189)	Loss 0.0890 (0.0890)	Prec@1 96.875 (96.875)	Prec@5 100.000 (100.000)
Epoch: [58][10/16], lr: 0.00001	Time 0.539 (0.773)	Data 0.000 (0.225)	Loss 0.1189 (0.1279)	Prec@1 96.094 (94.673)	Prec@5 100.000 (100.000)
Freezing BatchNorm2D except the first one.
Epoch: [59][0/16], lr: 0.00001	Time 2.653 (2.653)	Data 2.089 (2.089)	Loss 0.1657 (0.1657)	Prec@1 92.188 (92.188)	Prec@5 100.000 (100.000)
Epoch: [59][10/16], lr: 0.00001	Time 0.537 (0.752)	Data 0.000 (0.205)	Loss 0.1526 (0.1221)	Prec@1 92.969 (94.886)	Prec@5 100.000 (100.000)
Freezing BatchNorm2D except the first one.
Test: [0/2]	Time 2.133 (2.133)	Loss 0.6385 (0.6385)	Prec@1 90.625 (90.625)	Prec@5 100.000 (100.000)
Testing Results: Prec@1 89.333 Prec@5 99.111 Loss 0.61786
Freezing BatchNorm2D except the first one.
Epoch: [60][0/16], lr: 0.00000	Time 2.628 (2.628)	Data 2.070 (2.070)	Loss 0.1373 (0.1373)	Prec@1 92.188 (92.188)	Prec@5 100.000 (100.000)
Epoch: [60][10/16], lr: 0.00000	Time 0.536 (0.745)	Data 0.000 (0.202)	Loss 0.0887 (0.1324)	Prec@1 96.094 (94.744)	Prec@5 100.000 (100.000)
Freezing BatchNorm2D except the first one.
Epoch: [61][0/16], lr: 0.00000	Time 2.654 (2.654)	Data 2.096 (2.096)	Loss 0.1452 (0.1452)	Prec@1 93.750 (93.750)	Prec@5 100.000 (100.000)
Epoch: [61][10/16], lr: 0.00000	Time 0.537 (0.754)	Data 0.000 (0.210)	Loss 0.1081 (0.1366)	Prec@1 94.531 (94.460)	Prec@5 100.000 (100.000)
Freezing BatchNorm2D except the first one.
Epoch: [62][0/16], lr: 0.00000	Time 2.733 (2.733)	Data 2.165 (2.165)	Loss 0.1204 (0.1204)	Prec@1 94.531 (94.531)	Prec@5 100.000 (100.000)
Epoch: [62][10/16], lr: 0.00000	Time 0.534 (0.762)	Data 0.000 (0.216)	Loss 0.1263 (0.1362)	Prec@1 96.094 (94.318)	Prec@5 100.000 (100.000)
Freezing BatchNorm2D except the first one.
Epoch: [63][0/16], lr: 0.00000	Time 2.715 (2.715)	Data 2.168 (2.168)	Loss 0.1397 (0.1397)	Prec@1 93.750 (93.750)	Prec@5 100.000 (100.000)
Epoch: [63][10/16], lr: 0.00000	Time 0.535 (0.758)	Data 0.000 (0.211)	Loss 0.1771 (0.1386)	Prec@1 92.188 (94.176)	Prec@5 100.000 (100.000)
Freezing BatchNorm2D except the first one.
Epoch: [64][0/16], lr: 0.00000	Time 2.760 (2.760)	Data 2.208 (2.208)	Loss 0.0833 (0.0833)	Prec@1 99.219 (99.219)	Prec@5 100.000 (100.000)
Epoch: [64][10/16], lr: 0.00000	Time 0.548 (0.766)	Data 0.000 (0.212)	Loss 0.1163 (0.1347)	Prec@1 94.531 (94.034)	Prec@5 100.000 (100.000)
Freezing BatchNorm2D except the first one.
Test: [0/2]	Time 2.071 (2.071)	Loss 0.6110 (0.6110)	Prec@1 90.625 (90.625)	Prec@5 100.000 (100.000)
Testing Results: Prec@1 89.333 Prec@5 99.111 Loss 0.60470
Freezing BatchNorm2D except the first one.
Epoch: [65][0/16], lr: 0.00000	Time 2.719 (2.719)	Data 2.162 (2.162)	Loss 0.0732 (0.0732)	Prec@1 96.094 (96.094)	Prec@5 100.000 (100.000)
Epoch: [65][10/16], lr: 0.00000	Time 0.536 (0.757)	Data 0.000 (0.212)	Loss 0.1330 (0.1355)	Prec@1 96.094 (94.318)	Prec@5 100.000 (100.000)
Freezing BatchNorm2D except the first one.
Epoch: [66][0/16], lr: 0.00000	Time 2.691 (2.691)	Data 2.131 (2.131)	Loss 0.1078 (0.1078)	Prec@1 94.531 (94.531)	Prec@5 100.000 (100.000)
Epoch: [66][10/16], lr: 0.00000	Time 0.564 (0.764)	Data 0.000 (0.219)	Loss 0.1588 (0.1324)	Prec@1 94.531 (94.602)	Prec@5 100.000 (100.000)
Freezing BatchNorm2D except the first one.
Epoch: [67][0/16], lr: 0.00000	Time 2.707 (2.707)	Data 2.099 (2.099)	Loss 0.1108 (0.1108)	Prec@1 95.312 (95.312)	Prec@5 100.000 (100.000)
Epoch: [67][10/16], lr: 0.00000	Time 0.542 (0.757)	Data 0.000 (0.202)	Loss 0.1340 (0.1303)	Prec@1 96.875 (94.886)	Prec@5 100.000 (100.000)
Freezing BatchNorm2D except the first one.
Epoch: [68][0/16], lr: 0.00000	Time 2.742 (2.742)	Data 2.190 (2.190)	Loss 0.1219 (0.1219)	Prec@1 96.094 (96.094)	Prec@5 100.000 (100.000)
Epoch: [68][10/16], lr: 0.00000	Time 0.536 (0.755)	Data 0.000 (0.210)	Loss 0.0844 (0.1340)	Prec@1 96.094 (94.531)	Prec@5 100.000 (100.000)
Freezing BatchNorm2D except the first one.
Epoch: [69][0/16], lr: 0.00000	Time 2.693 (2.693)	Data 2.132 (2.132)	Loss 0.1489 (0.1489)	Prec@1 93.750 (93.750)	Prec@5 100.000 (100.000)
Epoch: [69][10/16], lr: 0.00000	Time 0.571 (0.757)	Data 0.000 (0.209)	Loss 0.0603 (0.1294)	Prec@1 97.656 (94.389)	Prec@5 100.000 (100.000)
Freezing BatchNorm2D except the first one.
Test: [0/2]	Time 2.125 (2.125)	Loss 0.5927 (0.5927)	Prec@1 92.188 (92.188)	Prec@5 100.000 (100.000)
Testing Results: Prec@1 89.778 Prec@5 99.111 Loss 0.59445
Freezing BatchNorm2D except the first one.
Epoch: [70][0/16], lr: 0.00000	Time 2.741 (2.741)	Data 2.191 (2.191)	Loss 0.0321 (0.0321)	Prec@1 99.219 (99.219)	Prec@5 100.000 (100.000)
Epoch: [70][10/16], lr: 0.00000	Time 0.548 (0.767)	Data 0.000 (0.228)	Loss 0.1659 (0.1286)	Prec@1 93.750 (94.318)	Prec@5 100.000 (100.000)
Freezing BatchNorm2D except the first one.
Epoch: [71][0/16], lr: 0.00000	Time 2.738 (2.738)	Data 2.190 (2.190)	Loss 0.1611 (0.1611)	Prec@1 90.625 (90.625)	Prec@5 100.000 (100.000)
Epoch: [71][10/16], lr: 0.00000	Time 0.540 (0.756)	Data 0.000 (0.214)	Loss 0.1028 (0.1442)	Prec@1 95.312 (94.176)	Prec@5 100.000 (100.000)
Freezing BatchNorm2D except the first one.
Epoch: [72][0/16], lr: 0.00000	Time 2.699 (2.699)	Data 2.139 (2.139)	Loss 0.1742 (0.1742)	Prec@1 92.969 (92.969)	Prec@5 100.000 (100.000)
Epoch: [72][10/16], lr: 0.00000	Time 0.543 (0.760)	Data 0.000 (0.214)	Loss 0.1394 (0.1493)	Prec@1 94.531 (93.537)	Prec@5 100.000 (100.000)
Freezing BatchNorm2D except the first one.
Epoch: [73][0/16], lr: 0.00000	Time 2.735 (2.735)	Data 2.187 (2.187)	Loss 0.1386 (0.1386)	Prec@1 92.188 (92.188)	Prec@5 100.000 (100.000)
Epoch: [73][10/16], lr: 0.00000	Time 0.548 (0.763)	Data 0.000 (0.219)	Loss 0.1239 (0.1189)	Prec@1 93.750 (94.744)	Prec@5 100.000 (100.000)
Freezing BatchNorm2D except the first one.
Epoch: [74][0/16], lr: 0.00000	Time 2.752 (2.752)	Data 2.205 (2.205)	Loss 0.1419 (0.1419)	Prec@1 95.312 (95.312)	Prec@5 100.000 (100.000)
Epoch: [74][10/16], lr: 0.00000	Time 0.551 (0.764)	Data 0.000 (0.220)	Loss 0.2225 (0.1495)	Prec@1 90.625 (93.466)	Prec@5 100.000 (100.000)
Freezing BatchNorm2D except the first one.
Test: [0/2]	Time 2.070 (2.070)	Loss 0.6074 (0.6074)	Prec@1 92.188 (92.188)	Prec@5 100.000 (100.000)
Testing Results: Prec@1 90.222 Prec@5 99.111 Loss 0.60945
Freezing BatchNorm2D except the first one.
Epoch: [75][0/16], lr: 0.00000	Time 2.759 (2.759)	Data 2.212 (2.212)	Loss 0.1893 (0.1893)	Prec@1 92.188 (92.188)	Prec@5 100.000 (100.000)
Epoch: [75][10/16], lr: 0.00000	Time 0.540 (0.761)	Data 0.000 (0.216)	Loss 0.0979 (0.1401)	Prec@1 96.875 (94.034)	Prec@5 100.000 (100.000)
Freezing BatchNorm2D except the first one.
Epoch: [76][0/16], lr: 0.00000	Time 2.775 (2.775)	Data 2.227 (2.227)	Loss 0.1171 (0.1171)	Prec@1 95.312 (95.312)	Prec@5 100.000 (100.000)
Epoch: [76][10/16], lr: 0.00000	Time 0.537 (0.763)	Data 0.000 (0.212)	Loss 0.1162 (0.1326)	Prec@1 94.531 (94.460)	Prec@5 100.000 (100.000)
Freezing BatchNorm2D except the first one.
Epoch: [77][0/16], lr: 0.00000	Time 2.696 (2.696)	Data 2.137 (2.137)	Loss 0.0857 (0.0857)	Prec@1 96.094 (96.094)	Prec@5 100.000 (100.000)
Epoch: [77][10/16], lr: 0.00000	Time 0.537 (0.753)	Data 0.000 (0.206)	Loss 0.0901 (0.1350)	Prec@1 96.875 (94.105)	Prec@5 100.000 (100.000)
Freezing BatchNorm2D except the first one.
Epoch: [78][0/16], lr: 0.00000	Time 2.796 (2.796)	Data 2.243 (2.243)	Loss 0.1607 (0.1607)	Prec@1 92.188 (92.188)	Prec@5 100.000 (100.000)
Epoch: [78][10/16], lr: 0.00000	Time 0.542 (0.766)	Data 0.000 (0.215)	Loss 0.0726 (0.1351)	Prec@1 96.875 (93.892)	Prec@5 100.000 (100.000)
Freezing BatchNorm2D except the first one.
Epoch: [79][0/16], lr: 0.00000	Time 18.568 (18.568)	Data 2.263 (2.263)	Loss 0.0950 (0.0950)	Prec@1 96.094 (96.094)	Prec@5 100.000 (100.000)
Epoch: [79][10/16], lr: 0.00000	Time 16.329 (15.511)	Data 0.000 (0.206)	Loss 0.0977 (0.1339)	Prec@1 95.312 (94.318)	Prec@5 100.000 (100.000)
Freezing BatchNorm2D except the first one.
Test: [0/2]	Time 2.088 (2.088)	Loss 0.6128 (0.6128)	Prec@1 91.406 (91.406)	Prec@5 100.000 (100.000)
Testing Results: Prec@1 89.778 Prec@5 99.111 Loss 0.61005

Process finished with exit code 0

